<?xml version="1.0" encoding="UTF-8"?>
<!-- Generated by org.testng.reporters.JUnitReportReporter -->
<testsuite skipped="0" hostname="LAPTOP-U9HDFF6Q" name="com.test.com.TC_002_POSTRequest" tests="1" failures="0" timestamp="2020-01-31T01:43:11 IST" time="0.047" errors="0">
  <testcase name="PayLoan" time="0.047" classname="com.test.com.TC_002_POSTRequest"/>
</testsuite> <!-- com.test.com.TC_002_POSTRequest -->
